Compiled bootstrap.min.js  (0ms)  (pid 10769)
Compiled jquery-ui.min.js  (30ms)  (pid 10769)
Compiled jquery.min.js  (18ms)  (pid 10769)
Compiled application.js  (18ms)  (pid 10788)
Compiled jquery.js  (2ms)  (pid 10788)
Compiled jquery_ujs.js  (0ms)  (pid 10788)
Compiled bootstrap-alert.js  (0ms)  (pid 10788)
Compiled bootstrap-button.js  (0ms)  (pid 10788)
Compiled bootstrap-carousel.js  (0ms)  (pid 10788)
Compiled bootstrap-collapse.js  (0ms)  (pid 10788)
Compiled bootstrap-dropdown.js  (0ms)  (pid 10788)
Compiled bootstrap-modal.js  (0ms)  (pid 10788)
Compiled bootstrap-popover.js  (0ms)  (pid 10788)
Compiled bootstrap-scrollspy.js  (0ms)  (pid 10788)
Compiled bootstrap-tab.js  (0ms)  (pid 10788)
Compiled bootstrap-tooltip.js  (0ms)  (pid 10788)
Compiled bootstrap-transition.js  (0ms)  (pid 10788)
Compiled bootstrap-typeahead.js  (0ms)  (pid 10788)
Compiled bootstrap.js  (0ms)  (pid 10788)
Compiled bootstrap.js  (76ms)  (pid 10788)
Compiled cars.js  (0ms)  (pid 10788)
Compiled twitter/bootstrap.js  (8ms)  (pid 10788)
Compiled twitter/bootstrap/bootstrap-transition.js  (0ms)  (pid 10788)
Compiled twitter/bootstrap/bootstrap-alert.js  (0ms)  (pid 10788)
Compiled twitter/bootstrap/bootstrap-modal.js  (0ms)  (pid 10788)
Compiled twitter/bootstrap/bootstrap-dropdown.js  (0ms)  (pid 10788)
Compiled twitter/bootstrap/bootstrap-scrollspy.js  (0ms)  (pid 10788)
Compiled twitter/bootstrap/bootstrap-tab.js  (0ms)  (pid 10788)
Compiled twitter/bootstrap/bootstrap-tooltip.js  (0ms)  (pid 10788)
Compiled twitter/bootstrap/bootstrap-popover.js  (0ms)  (pid 10788)
Compiled twitter/bootstrap/bootstrap-button.js  (0ms)  (pid 10788)
Compiled twitter/bootstrap/bootstrap-collapse.js  (0ms)  (pid 10788)
Compiled twitter/bootstrap/bootstrap-carousel.js  (0ms)  (pid 10788)
Compiled twitter/bootstrap/bootstrap-typeahead.js  (0ms)  (pid 10788)
Compiled twitter/bootstrap/bootstrap-affix.js  (0ms)  (pid 10788)
Compiled application.css  (1ms)  (pid 10788)
Compiled bootstrap-responsive.css  (0ms)  (pid 10788)
Compiled bootstrap.css  (0ms)  (pid 10788)
Compiled application.css  (3ms)  (pid 10807)
Compiled bootstrap.min.js  (0ms)  (pid 10856)
Compiled application.js  (17ms)  (pid 10856)
Compiled jquery.js  (1ms)  (pid 10856)
Compiled jquery_ujs.js  (0ms)  (pid 10856)
Compiled bootstrap-alert.js  (0ms)  (pid 10856)
Compiled bootstrap-button.js  (0ms)  (pid 10856)
Compiled bootstrap-carousel.js  (0ms)  (pid 10856)
Compiled bootstrap-collapse.js  (0ms)  (pid 10856)
Compiled bootstrap-dropdown.js  (0ms)  (pid 10856)
Compiled bootstrap-modal.js  (0ms)  (pid 10856)
Compiled bootstrap-popover.js  (0ms)  (pid 10856)
Compiled bootstrap-scrollspy.js  (0ms)  (pid 10856)
Compiled bootstrap-tab.js  (0ms)  (pid 10856)
Compiled bootstrap-tooltip.js  (0ms)  (pid 10856)
Compiled bootstrap-transition.js  (0ms)  (pid 10856)
Compiled bootstrap-typeahead.js  (0ms)  (pid 10856)
Compiled bootstrap.js  (0ms)  (pid 10856)
Compiled bootstrap.js  (72ms)  (pid 10856)
Compiled cars.js  (0ms)  (pid 10856)
Compiled twitter/bootstrap.js  (7ms)  (pid 10856)
Compiled twitter/bootstrap/bootstrap-transition.js  (0ms)  (pid 10856)
Compiled twitter/bootstrap/bootstrap-alert.js  (0ms)  (pid 10856)
Compiled twitter/bootstrap/bootstrap-modal.js  (0ms)  (pid 10856)
Compiled twitter/bootstrap/bootstrap-dropdown.js  (0ms)  (pid 10856)
Compiled twitter/bootstrap/bootstrap-scrollspy.js  (0ms)  (pid 10856)
Compiled twitter/bootstrap/bootstrap-tab.js  (0ms)  (pid 10856)
Compiled twitter/bootstrap/bootstrap-tooltip.js  (0ms)  (pid 10856)
Compiled twitter/bootstrap/bootstrap-popover.js  (0ms)  (pid 10856)
Compiled twitter/bootstrap/bootstrap-button.js  (0ms)  (pid 10856)
Compiled twitter/bootstrap/bootstrap-collapse.js  (0ms)  (pid 10856)
Compiled twitter/bootstrap/bootstrap-carousel.js  (0ms)  (pid 10856)
Compiled twitter/bootstrap/bootstrap-typeahead.js  (0ms)  (pid 10856)
Compiled twitter/bootstrap/bootstrap-affix.js  (0ms)  (pid 10856)
Compiled application.css  (1ms)  (pid 10856)
Compiled bootstrap-responsive.css  (0ms)  (pid 10856)
Compiled bootstrap.css  (0ms)  (pid 10856)
